<?xml version="1.0" encoding="UTF-8"?>
<testsuite xmlns:xsi="http://www.w3.org/2001/XMLSchema-instance" xsi:noNamespaceSchemaLocation="https://maven.apache.org/surefire/maven-surefire-plugin/xsd/surefire-test-report.xsd" version="3.0.2" name="com.example.demo.ApplicationTests" time="7.174" tests="1" errors="0" skipped="0" failures="0">
  <properties>
[...]
</properties>
  <testcase name="contextLoads" classname="com.example.demo.ApplicationTests" time="1.93">
    <system-out><![CDATA[15:12:30.860 [main] INFO org.springframework.test.context.support.AnnotationConfigContextLoaderUtils -- Could not detect default configuration classes for test class [com.example.demo.ApplicationTests]: ApplicationTests does not declare any static, non-private, non-final, nested classes annotated with @Configuration.
15:12:31.062 [main] INFO org.springframework.boot.test.context.SpringBootTestContextBootstrapper -- Found @SpringBootConfiguration com.example.demo.Application for test class com.example.demo.ApplicationTests
15:12:31.589 [main] INFO org.springframework.boot.devtools.restart.RestartApplicationListener -- Restart disabled due to context in which it is running

  .   ____          _            __ _ _
 /\\ / ___'_ __ _ _(_)_ __  __ _ \ \ \ \
( ( )\___ | '_ | '_| | '_ \/ _` | \ \ \ \
 \\/  ___)| |_)| | | | | || (_| |  ) ) ) )
  '  |____| .__|_| |_|_| |_\__, | / / / /
 =========|_|==============|___/=/_/_/_/

 :: Spring Boot ::                (v4.0.3)

2026-03-17T15:12:32.372-03:00  INFO 6556 --- [           main] com.example.demo.ApplicationTests        : Starting ApplicationTests using Java 17.0.18 with PID 6556 (started by Luciano in C:\Users\Luciano\OneDrive\Escritorio\Facultad\Programación IV\demo\demo)
2026-03-17T15:12:32.378-03:00  INFO 6556 --- [           main] com.example.demo.ApplicationTests        : No active profile set, falling back to 1 default profile: "default"
2026-03-17T15:12:35.471-03:00  INFO 6556 --- [           main] com.example.demo.ApplicationTests        : Started ApplicationTests in 3.911 seconds (process running for 7.01)
]]></system-out>
  </testcase>
</testsuite>